<?xml version="1.0" encoding="UTF-8"?>
<!-- Generated by org.testng.reporters.JUnitXMLReporter -->
<testsuite hostname="LAPTOP-6SFP78ED" ignored="0" name="Default test" tests="15" failures="0" timestamp="2020-07-28T14:24:40 IST" time="100.575" errors="0">
  <testcase name="loginApp" time="6.365" classname="com.lynkitsupplychainframework.testcases.FTLDoorDeliveryTest"/>
  <testcase name="basicFTLDoorDetails" time="3.836" classname="com.lynkitsupplychainframework.testcases.FTLDoorDeliveryTest"/>
  <testcase name="createFTLDoorBill" time="0.827" classname="com.lynkitsupplychainframework.testcases.FTLDoorDeliveryTest"/>
  <testcase name="weightFTLDoorDetails" time="0.835" classname="com.lynkitsupplychainframework.testcases.FTLDoorDeliveryTest"/>
  <testcase name="invoiceFTLDoorDetails" time="0.87" classname="com.lynkitsupplychainframework.testcases.FTLDoorDeliveryTest"/>
  <testcase name="paymentFTLDoorDetails" time="1.334" classname="com.lynkitsupplychainframework.testcases.FTLDoorDeliveryTest"/>
  <testcase name="createFTLDoorGoods" time="5.375" classname="com.lynkitsupplychainframework.testcases.FTLDoorDeliveryTest"/>
  <testcase name="loginFTLApp" time="4.324" classname="com.lynkitsupplychainframework.testcases.FTLDoorDeliveryTest"/>
  <testcase name="basicFTLGodownDetails" time="3.573" classname="com.lynkitsupplychainframework.testcases.FTLDoorDeliveryTest"/>
  <testcase name="createFTLGodownBill" time="0.81" classname="com.lynkitsupplychainframework.testcases.FTLDoorDeliveryTest"/>
  <testcase name="weightFTLGodownDetails" time="0.726" classname="com.lynkitsupplychainframework.testcases.FTLDoorDeliveryTest"/>
  <testcase name="invoiceFTLGodownDetails" time="0.843" classname="com.lynkitsupplychainframework.testcases.FTLDoorDeliveryTest"/>
  <testcase name="paymentFTLGodownDetails" time="11.368" classname="com.lynkitsupplychainframework.testcases.FTLDoorDeliveryTest"/>
  <testcase name="transportFTLGodownDetails" time="33.678" classname="com.lynkitsupplychainframework.testcases.FTLDoorDeliveryTest"/>
  <testcase name="createFTLGodownGoods" time="0.786" classname="com.lynkitsupplychainframework.testcases.FTLDoorDeliveryTest"/>
</testsuite> <!-- Default test -->
