<?xml version="1.0" encoding="UTF-8"?>
<testng-results skipped="0" failed="0" ignored="0" total="8" passed="8">
  <reporter-output>
    <line>
      <![CDATA[Setting up reports and Test is gettinge ready]]>
    </line>
    <line>
      <![CDATA[Setting Done: Test can be started]]>
    </line>
    <line>
      <![CDATA[Trying to start Browser and Getting application ready]]>
    </line>
    <line>
      <![CDATA[Browser and Application is up and running]]>
    </line>
    <line>
      <![CDATA[Test is about to end]]>
    </line>
    <line>
      <![CDATA[Test Completed >>> Reports Generated]]>
    </line>
    <line>
      <![CDATA[Test is about to end]]>
    </line>
    <line>
      <![CDATA[Test Completed >>> Reports Generated]]>
    </line>
    <line>
      <![CDATA[Test is about to end]]>
    </line>
    <line>
      <![CDATA[Test Completed >>> Reports Generated]]>
    </line>
    <line>
      <![CDATA[Test is about to end]]>
    </line>
    <line>
      <![CDATA[Test Completed >>> Reports Generated]]>
    </line>
    <line>
      <![CDATA[Test is about to end]]>
    </line>
    <line>
      <![CDATA[Test Completed >>> Reports Generated]]>
    </line>
    <line>
      <![CDATA[Test is about to end]]>
    </line>
    <line>
      <![CDATA[Test Completed >>> Reports Generated]]>
    </line>
    <line>
      <![CDATA[Test is about to end]]>
    </line>
    <line>
      <![CDATA[Test Completed >>> Reports Generated]]>
    </line>
    <line>
      <![CDATA[Test is about to end]]>
    </line>
    <line>
      <![CDATA[Test Completed >>> Reports Generated]]>
    </line>
  </reporter-output>
  <suite name="Default suite" duration-ms="89748" started-at="2020-07-16T11:20:54 IST" finished-at="2020-07-16T11:22:24 IST">
    <groups>
    </groups>
    <test name="Default test" duration-ms="89748" started-at="2020-07-16T11:20:54 IST" finished-at="2020-07-16T11:22:24 IST">
      <class name="com.lynkitsupplychainframework.testcases.FTLGodownTest">
        <test-method status="PASS" signature="setUpSuite()[pri:0, instance:com.lynkitsupplychainframework.testcases.FTLGodownTest@2d2ffcb7]" name="setUpSuite" is-config="true" duration-ms="300" started-at="2020-07-16T11:20:54 IST" finished-at="2020-07-16T11:20:54 IST">
          <reporter-output>
            <line>
              <![CDATA[Setting up reports and Test is gettinge ready]]>
            </line>
            <line>
              <![CDATA[Setting Done: Test can be started]]>
            </line>
          </reporter-output>
        </test-method> <!-- setUpSuite -->
        <test-method status="PASS" signature="setup()[pri:0, instance:com.lynkitsupplychainframework.testcases.FTLGodownTest@2d2ffcb7]" name="setup" is-config="true" duration-ms="10465" started-at="2020-07-16T11:20:54 IST" finished-at="2020-07-16T11:21:04 IST">
          <reporter-output>
            <line>
              <![CDATA[Trying to start Browser and Getting application ready]]>
            </line>
            <line>
              <![CDATA[Browser and Application is up and running]]>
            </line>
          </reporter-output>
        </test-method> <!-- setup -->
        <test-method status="PASS" signature="loginApp()[pri:1, instance:com.lynkitsupplychainframework.testcases.FTLGodownTest@2d2ffcb7]" name="loginApp" duration-ms="7268" started-at="2020-07-16T11:21:04 IST" finished-at="2020-07-16T11:21:12 IST">
          <reporter-output>
          </reporter-output>
        </test-method> <!-- loginApp -->
        <test-method status="PASS" signature="tearDownMethod(org.testng.ITestResult)[pri:0, instance:com.lynkitsupplychainframework.testcases.FTLGodownTest@2d2ffcb7]" name="tearDownMethod" is-config="true" duration-ms="1330" started-at="2020-07-16T11:21:12 IST" finished-at="2020-07-16T11:21:13 IST">
          <params>
            <param index="0">
              <value>
                <![CDATA[[TestResult name=loginApp status=SUCCESS method=FTLGodownTest.loginApp()[pri:1, instance:com.lynkitsupplychainframework.testcases.FTLGodownTest@2d2ffcb7] output={null}]]]>
              </value>
            </param>
          </params>
          <reporter-output>
            <line>
              <![CDATA[Test is about to end]]>
            </line>
            <line>
              <![CDATA[Test Completed >>> Reports Generated]]>
            </line>
          </reporter-output>
        </test-method> <!-- tearDownMethod -->
        <test-method status="PASS" signature="basicDetails()[pri:2, instance:com.lynkitsupplychainframework.testcases.FTLGodownTest@2d2ffcb7]" name="basicDetails" duration-ms="4967" started-at="2020-07-16T11:21:13 IST" finished-at="2020-07-16T11:21:18 IST">
          <reporter-output>
          </reporter-output>
        </test-method> <!-- basicDetails -->
        <test-method status="PASS" signature="tearDownMethod(org.testng.ITestResult)[pri:0, instance:com.lynkitsupplychainframework.testcases.FTLGodownTest@2d2ffcb7]" name="tearDownMethod" is-config="true" duration-ms="759" started-at="2020-07-16T11:21:18 IST" finished-at="2020-07-16T11:21:19 IST">
          <params>
            <param index="0">
              <value>
                <![CDATA[[TestResult name=basicDetails status=SUCCESS method=FTLGodownTest.basicDetails()[pri:2, instance:com.lynkitsupplychainframework.testcases.FTLGodownTest@2d2ffcb7] output={null}]]]>
              </value>
            </param>
          </params>
          <reporter-output>
            <line>
              <![CDATA[Test is about to end]]>
            </line>
            <line>
              <![CDATA[Test Completed >>> Reports Generated]]>
            </line>
          </reporter-output>
        </test-method> <!-- tearDownMethod -->
        <test-method status="PASS" signature="createBill()[pri:3, instance:com.lynkitsupplychainframework.testcases.FTLGodownTest@2d2ffcb7]" name="createBill" duration-ms="1200" started-at="2020-07-16T11:21:19 IST" finished-at="2020-07-16T11:21:20 IST">
          <reporter-output>
          </reporter-output>
        </test-method> <!-- createBill -->
        <test-method status="PASS" signature="tearDownMethod(org.testng.ITestResult)[pri:0, instance:com.lynkitsupplychainframework.testcases.FTLGodownTest@2d2ffcb7]" name="tearDownMethod" is-config="true" duration-ms="603" started-at="2020-07-16T11:21:20 IST" finished-at="2020-07-16T11:21:21 IST">
          <params>
            <param index="0">
              <value>
                <![CDATA[[TestResult name=createBill status=SUCCESS method=FTLGodownTest.createBill()[pri:3, instance:com.lynkitsupplychainframework.testcases.FTLGodownTest@2d2ffcb7] output={null}]]]>
              </value>
            </param>
          </params>
          <reporter-output>
            <line>
              <![CDATA[Test is about to end]]>
            </line>
            <line>
              <![CDATA[Test Completed >>> Reports Generated]]>
            </line>
          </reporter-output>
        </test-method> <!-- tearDownMethod -->
        <test-method status="PASS" signature="weightDetails()[pri:4, instance:com.lynkitsupplychainframework.testcases.FTLGodownTest@2d2ffcb7]" name="weightDetails" duration-ms="1314" started-at="2020-07-16T11:21:21 IST" finished-at="2020-07-16T11:21:22 IST">
          <reporter-output>
          </reporter-output>
        </test-method> <!-- weightDetails -->
        <test-method status="PASS" signature="tearDownMethod(org.testng.ITestResult)[pri:0, instance:com.lynkitsupplychainframework.testcases.FTLGodownTest@2d2ffcb7]" name="tearDownMethod" is-config="true" duration-ms="651" started-at="2020-07-16T11:21:22 IST" finished-at="2020-07-16T11:21:23 IST">
          <params>
            <param index="0">
              <value>
                <![CDATA[[TestResult name=weightDetails status=SUCCESS method=FTLGodownTest.weightDetails()[pri:4, instance:com.lynkitsupplychainframework.testcases.FTLGodownTest@2d2ffcb7] output={null}]]]>
              </value>
            </param>
          </params>
          <reporter-output>
            <line>
              <![CDATA[Test is about to end]]>
            </line>
            <line>
              <![CDATA[Test Completed >>> Reports Generated]]>
            </line>
          </reporter-output>
        </test-method> <!-- tearDownMethod -->
        <test-method status="PASS" signature="invoiceDetails()[pri:5, instance:com.lynkitsupplychainframework.testcases.FTLGodownTest@2d2ffcb7]" name="invoiceDetails" duration-ms="1278" started-at="2020-07-16T11:21:23 IST" finished-at="2020-07-16T11:21:24 IST">
          <reporter-output>
          </reporter-output>
        </test-method> <!-- invoiceDetails -->
        <test-method status="PASS" signature="tearDownMethod(org.testng.ITestResult)[pri:0, instance:com.lynkitsupplychainframework.testcases.FTLGodownTest@2d2ffcb7]" name="tearDownMethod" is-config="true" duration-ms="1128" started-at="2020-07-16T11:21:24 IST" finished-at="2020-07-16T11:21:25 IST">
          <params>
            <param index="0">
              <value>
                <![CDATA[[TestResult name=invoiceDetails status=SUCCESS method=FTLGodownTest.invoiceDetails()[pri:5, instance:com.lynkitsupplychainframework.testcases.FTLGodownTest@2d2ffcb7] output={null}]]]>
              </value>
            </param>
          </params>
          <reporter-output>
            <line>
              <![CDATA[Test is about to end]]>
            </line>
            <line>
              <![CDATA[Test Completed >>> Reports Generated]]>
            </line>
          </reporter-output>
        </test-method> <!-- tearDownMethod -->
        <test-method status="PASS" signature="paymentDetails()[pri:6, instance:com.lynkitsupplychainframework.testcases.FTLGodownTest@2d2ffcb7]" name="paymentDetails" duration-ms="12446" started-at="2020-07-16T11:21:25 IST" finished-at="2020-07-16T11:21:37 IST">
          <reporter-output>
          </reporter-output>
        </test-method> <!-- paymentDetails -->
        <test-method status="PASS" signature="tearDownMethod(org.testng.ITestResult)[pri:0, instance:com.lynkitsupplychainframework.testcases.FTLGodownTest@2d2ffcb7]" name="tearDownMethod" is-config="true" duration-ms="595" started-at="2020-07-16T11:21:37 IST" finished-at="2020-07-16T11:21:38 IST">
          <params>
            <param index="0">
              <value>
                <![CDATA[[TestResult name=paymentDetails status=SUCCESS method=FTLGodownTest.paymentDetails()[pri:6, instance:com.lynkitsupplychainframework.testcases.FTLGodownTest@2d2ffcb7] output={null}]]]>
              </value>
            </param>
          </params>
          <reporter-output>
            <line>
              <![CDATA[Test is about to end]]>
            </line>
            <line>
              <![CDATA[Test Completed >>> Reports Generated]]>
            </line>
          </reporter-output>
        </test-method> <!-- tearDownMethod -->
        <test-method status="PASS" signature="transportDetails()[pri:7, instance:com.lynkitsupplychainframework.testcases.FTLGodownTest@2d2ffcb7]" name="transportDetails" duration-ms="37135" started-at="2020-07-16T11:21:38 IST" finished-at="2020-07-16T11:22:15 IST">
          <reporter-output>
          </reporter-output>
        </test-method> <!-- transportDetails -->
        <test-method status="PASS" signature="tearDownMethod(org.testng.ITestResult)[pri:0, instance:com.lynkitsupplychainframework.testcases.FTLGodownTest@2d2ffcb7]" name="tearDownMethod" is-config="true" duration-ms="706" started-at="2020-07-16T11:22:15 IST" finished-at="2020-07-16T11:22:16 IST">
          <params>
            <param index="0">
              <value>
                <![CDATA[[TestResult name=transportDetails status=SUCCESS method=FTLGodownTest.transportDetails()[pri:7, instance:com.lynkitsupplychainframework.testcases.FTLGodownTest@2d2ffcb7] output={null}]]]>
              </value>
            </param>
          </params>
          <reporter-output>
            <line>
              <![CDATA[Test is about to end]]>
            </line>
            <line>
              <![CDATA[Test Completed >>> Reports Generated]]>
            </line>
          </reporter-output>
        </test-method> <!-- tearDownMethod -->
        <test-method status="PASS" signature="createGoods()[pri:8, instance:com.lynkitsupplychainframework.testcases.FTLGodownTest@2d2ffcb7]" name="createGoods" duration-ms="495" started-at="2020-07-16T11:22:16 IST" finished-at="2020-07-16T11:22:16 IST">
          <reporter-output>
          </reporter-output>
        </test-method> <!-- createGoods -->
        <test-method status="PASS" signature="tearDownMethod(org.testng.ITestResult)[pri:0, instance:com.lynkitsupplychainframework.testcases.FTLGodownTest@2d2ffcb7]" name="tearDownMethod" is-config="true" duration-ms="1127" started-at="2020-07-16T11:22:16 IST" finished-at="2020-07-16T11:22:17 IST">
          <params>
            <param index="0">
              <value>
                <![CDATA[[TestResult name=createGoods status=SUCCESS method=FTLGodownTest.createGoods()[pri:8, instance:com.lynkitsupplychainframework.testcases.FTLGodownTest@2d2ffcb7] output={null}]]]>
              </value>
            </param>
          </params>
          <reporter-output>
            <line>
              <![CDATA[Test is about to end]]>
            </line>
            <line>
              <![CDATA[Test Completed >>> Reports Generated]]>
            </line>
          </reporter-output>
        </test-method> <!-- tearDownMethod -->
        <test-method status="PASS" signature="tearDown()[pri:0, instance:com.lynkitsupplychainframework.testcases.FTLGodownTest@2d2ffcb7]" name="tearDown" is-config="true" duration-ms="6213" started-at="2020-07-16T11:22:17 IST" finished-at="2020-07-16T11:22:24 IST">
          <reporter-output>
          </reporter-output>
        </test-method> <!-- tearDown -->
      </class> <!-- com.lynkitsupplychainframework.testcases.FTLGodownTest -->
    </test> <!-- Default test -->
  </suite> <!-- Default suite -->
</testng-results>
